Determining if the function sgemm_ exists failed with the following output:
Change Dir: /home/vavrines/Coding/CSN/build/CMakeFiles/CMakeTmp

Run Build Command(s):/usr/bin/make cmTC_be38f/fast && /usr/bin/make  -f CMakeFiles/cmTC_be38f.dir/build.make CMakeFiles/cmTC_be38f.dir/build
make[1]: Entering directory '/home/vavrines/Coding/CSN/build/CMakeFiles/CMakeTmp'
Building CXX object CMakeFiles/cmTC_be38f.dir/CheckFunctionExists.cxx.o
/usr/bin/c++   -DCHECK_FUNCTION_EXISTS=sgemm_ -std=gnu++17 -o CMakeFiles/cmTC_be38f.dir/CheckFunctionExists.cxx.o -c /home/vavrines/Coding/CSN/build/CMakeFiles/CheckFunctionExists/CheckFunctionExists.cxx
Linking CXX executable cmTC_be38f
/usr/local/bin/cmake -E cmake_link_script CMakeFiles/cmTC_be38f.dir/link.txt --verbose=1
/usr/bin/c++  -DCHECK_FUNCTION_EXISTS=sgemm_ CMakeFiles/cmTC_be38f.dir/CheckFunctionExists.cxx.o -o cmTC_be38f 
CMakeFiles/cmTC_be38f.dir/CheckFunctionExists.cxx.o: In function `main':
CheckFunctionExists.cxx:(.text+0x10): undefined reference to `sgemm_'
collect2: error: ld returned 1 exit status
CMakeFiles/cmTC_be38f.dir/build.make:105: recipe for target 'cmTC_be38f' failed
make[1]: *** [cmTC_be38f] Error 1
make[1]: Leaving directory '/home/vavrines/Coding/CSN/build/CMakeFiles/CMakeTmp'
Makefile:140: recipe for target 'cmTC_be38f/fast' failed
make: *** [cmTC_be38f/fast] Error 2



Performing C++ SOURCE FILE Test CMAKE_HAVE_LIBC_PTHREAD failed with the following output:
Change Dir: /home/vavrines/Coding/CSN/build/CMakeFiles/CMakeTmp

Run Build Command(s):/usr/bin/make cmTC_5af39/fast && /usr/bin/make  -f CMakeFiles/cmTC_5af39.dir/build.make CMakeFiles/cmTC_5af39.dir/build
make[1]: Entering directory '/home/vavrines/Coding/CSN/build/CMakeFiles/CMakeTmp'
Building CXX object CMakeFiles/cmTC_5af39.dir/src.cxx.o
/usr/bin/c++   -DCMAKE_HAVE_LIBC_PTHREAD -std=gnu++17 -o CMakeFiles/cmTC_5af39.dir/src.cxx.o -c /home/vavrines/Coding/CSN/build/CMakeFiles/CMakeTmp/src.cxx
Linking CXX executable cmTC_5af39
/usr/local/bin/cmake -E cmake_link_script CMakeFiles/cmTC_5af39.dir/link.txt --verbose=1
/usr/bin/c++  -DCMAKE_HAVE_LIBC_PTHREAD CMakeFiles/cmTC_5af39.dir/src.cxx.o -o cmTC_5af39 
CMakeFiles/cmTC_5af39.dir/src.cxx.o: In function `main':
src.cxx:(.text+0x3e): undefined reference to `pthread_create'
src.cxx:(.text+0x4a): undefined reference to `pthread_detach'
src.cxx:(.text+0x56): undefined reference to `pthread_cancel'
src.cxx:(.text+0x67): undefined reference to `pthread_join'
src.cxx:(.text+0x7b): undefined reference to `pthread_atfork'
collect2: error: ld returned 1 exit status
CMakeFiles/cmTC_5af39.dir/build.make:105: recipe for target 'cmTC_5af39' failed
make[1]: *** [cmTC_5af39] Error 1
make[1]: Leaving directory '/home/vavrines/Coding/CSN/build/CMakeFiles/CMakeTmp'
Makefile:140: recipe for target 'cmTC_5af39/fast' failed
make: *** [cmTC_5af39/fast] Error 2


Source file was:
#include <pthread.h>

void* test_func(void* data)
{
  return data;
}

int main(void)
{
  pthread_t thread;
  pthread_create(&thread, NULL, test_func, NULL);
  pthread_detach(thread);
  pthread_cancel(thread);
  pthread_join(thread, NULL);
  pthread_atfork(NULL, NULL, NULL);
  pthread_exit(NULL);

  return 0;
}

Determining if the function pthread_create exists in the pthreads failed with the following output:
Change Dir: /home/vavrines/Coding/CSN/build/CMakeFiles/CMakeTmp

Run Build Command(s):/usr/bin/make cmTC_40dbd/fast && /usr/bin/make  -f CMakeFiles/cmTC_40dbd.dir/build.make CMakeFiles/cmTC_40dbd.dir/build
make[1]: Entering directory '/home/vavrines/Coding/CSN/build/CMakeFiles/CMakeTmp'
Building CXX object CMakeFiles/cmTC_40dbd.dir/CheckFunctionExists.cxx.o
/usr/bin/c++   -DCHECK_FUNCTION_EXISTS=pthread_create -std=gnu++17 -o CMakeFiles/cmTC_40dbd.dir/CheckFunctionExists.cxx.o -c /home/vavrines/Coding/CSN/build/CMakeFiles/CheckLibraryExists/CheckFunctionExists.cxx
Linking CXX executable cmTC_40dbd
/usr/local/bin/cmake -E cmake_link_script CMakeFiles/cmTC_40dbd.dir/link.txt --verbose=1
/usr/bin/c++  -DCHECK_FUNCTION_EXISTS=pthread_create CMakeFiles/cmTC_40dbd.dir/CheckFunctionExists.cxx.o -o cmTC_40dbd  -lpthreads 
/usr/bin/ld: cannot find -lpthreads
collect2: error: ld returned 1 exit status
CMakeFiles/cmTC_40dbd.dir/build.make:105: recipe for target 'cmTC_40dbd' failed
make[1]: *** [cmTC_40dbd] Error 1
make[1]: Leaving directory '/home/vavrines/Coding/CSN/build/CMakeFiles/CMakeTmp'
Makefile:140: recipe for target 'cmTC_40dbd/fast' failed
make: *** [cmTC_40dbd/fast] Error 2



Determining if the function cheev_ exists failed with the following output:
Change Dir: /home/vavrines/Coding/CSN/build/CMakeFiles/CMakeTmp

Run Build Command(s):/usr/bin/make cmTC_f8d70/fast && /usr/bin/make  -f CMakeFiles/cmTC_f8d70.dir/build.make CMakeFiles/cmTC_f8d70.dir/build
make[1]: Entering directory '/home/vavrines/Coding/CSN/build/CMakeFiles/CMakeTmp'
Building CXX object CMakeFiles/cmTC_f8d70.dir/CheckFunctionExists.cxx.o
/usr/bin/c++   -DCHECK_FUNCTION_EXISTS=cheev_ -std=gnu++17 -o CMakeFiles/cmTC_f8d70.dir/CheckFunctionExists.cxx.o -c /home/vavrines/Coding/CSN/build/CMakeFiles/CheckFunctionExists/CheckFunctionExists.cxx
Linking CXX executable cmTC_f8d70
/usr/local/bin/cmake -E cmake_link_script CMakeFiles/cmTC_f8d70.dir/link.txt --verbose=1
/usr/bin/c++  -DCHECK_FUNCTION_EXISTS=cheev_ CMakeFiles/cmTC_f8d70.dir/CheckFunctionExists.cxx.o -o cmTC_f8d70  /usr/lib/x86_64-linux-gnu/libblas.so -lpthread -lm -ldl 
CMakeFiles/cmTC_f8d70.dir/CheckFunctionExists.cxx.o: In function `main':
CheckFunctionExists.cxx:(.text+0x10): undefined reference to `cheev_'
collect2: error: ld returned 1 exit status
CMakeFiles/cmTC_f8d70.dir/build.make:106: recipe for target 'cmTC_f8d70' failed
make[1]: *** [cmTC_f8d70] Error 1
make[1]: Leaving directory '/home/vavrines/Coding/CSN/build/CMakeFiles/CMakeTmp'
Makefile:140: recipe for target 'cmTC_f8d70/fast' failed
make: *** [cmTC_f8d70/fast] Error 2



